{"D:/UFMG/2024-01/PDS/Primeira-Fila/api/src/domains/movies/services/MovieService.ts": {"path":"D:/UFMG/2024-01/PDS/Primeira-Fila/api/src/domains/movies/services/MovieService.ts","statementMap":{"0":{"start":{"line":6,"column":30},"end":{"line":6,"column":null}},"1":{"start":{"line":8,"column":4},"end":{"line":11,"column":null}},"2":{"start":{"line":9,"column":12},"end":{"line":9,"column":null}},"3":{"start":{"line":10,"column":6},"end":{"line":10,"column":null}},"4":{"start":{"line":13,"column":25},"end":{"line":13,"column":null}},"5":{"start":{"line":15,"column":30},"end":{"line":24,"column":null}},"6":{"start":{"line":18,"column":6},"end":{"line":23,"column":null}},"7":{"start":{"line":26,"column":4},"end":{"line":26,"column":null}},"8":{"start":{"line":30,"column":27},"end":{"line":30,"column":null}},"9":{"start":{"line":31,"column":32},"end":{"line":40,"column":null}},"10":{"start":{"line":34,"column":6},"end":{"line":39,"column":null}},"11":{"start":{"line":42,"column":4},"end":{"line":42,"column":null}},"12":{"start":{"line":46,"column":29},"end":{"line":46,"column":null}},"13":{"start":{"line":48,"column":34},"end":{"line":57,"column":null}},"14":{"start":{"line":51,"column":6},"end":{"line":56,"column":null}},"15":{"start":{"line":59,"column":4},"end":{"line":59,"column":null}},"16":{"start":{"line":63,"column":25},"end":{"line":63,"column":null}},"17":{"start":{"line":64,"column":25},"end":{"line":64,"column":null}},"18":{"start":{"line":65,"column":27},"end":{"line":65,"column":null}},"19":{"start":{"line":67,"column":19},"end":{"line":67,"column":null}},"20":{"start":{"line":67,"column":89},"end":{"line":67,"column":128}},"21":{"start":{"line":68,"column":18},"end":{"line":68,"column":null}},"22":{"start":{"line":70,"column":22},"end":{"line":70,"column":null}},"23":{"start":{"line":70,"column":97},"end":{"line":70,"column":144}},"24":{"start":{"line":71,"column":27},"end":{"line":71,"column":null}},"25":{"start":{"line":71,"column":73},"end":{"line":71,"column":86}},"26":{"start":{"line":73,"column":20},"end":{"line":73,"column":null}},"27":{"start":{"line":73,"column":95},"end":{"line":73,"column":140}},"28":{"start":{"line":74,"column":25},"end":{"line":74,"column":null}},"29":{"start":{"line":74,"column":67},"end":{"line":74,"column":78}},"30":{"start":{"line":76,"column":20},"end":{"line":76,"column":null}},"31":{"start":{"line":77,"column":4},"end":{"line":79,"column":null}},"32":{"start":{"line":78,"column":6},"end":{"line":78,"column":null}},"33":{"start":{"line":78,"column":99},"end":{"line":78,"column":121}},"34":{"start":{"line":81,"column":22},"end":{"line":94,"column":null}},"35":{"start":{"line":82,"column":69},"end":{"line":82,"column":79}},"36":{"start":{"line":90,"column":54},"end":{"line":90,"column":64}},"37":{"start":{"line":95,"column":4},"end":{"line":95,"column":null}},"38":{"start":{"line":99,"column":19},"end":{"line":99,"column":null}},"39":{"start":{"line":101,"column":4},"end":{"line":109,"column":null}},"40":{"start":{"line":102,"column":6},"end":{"line":104,"column":null}},"41":{"start":{"line":103,"column":8},"end":{"line":103,"column":null}},"42":{"start":{"line":105,"column":6},"end":{"line":107,"column":null}},"43":{"start":{"line":106,"column":8},"end":{"line":106,"column":null}},"44":{"start":{"line":108,"column":6},"end":{"line":108,"column":null}},"45":{"start":{"line":111,"column":23},"end":{"line":121,"column":null}},"46":{"start":{"line":112,"column":6},"end":{"line":120,"column":null}},"47":{"start":{"line":122,"column":4},"end":{"line":122,"column":null}},"48":{"start":{"line":126,"column":28},"end":{"line":126,"column":null}}},"fnMap":{"0":{"name":"(anonymous_0)","decl":{"start":{"line":5,"column":2},"end":{"line":5,"column":8}},"loc":{"start":{"line":5,"column":40},"end":{"line":27,"column":null}}},"1":{"name":"(anonymous_1)","decl":{"start":{"line":15,"column":47},"end":{"line":15,"column":48}},"loc":{"start":{"line":15,"column":133},"end":{"line":24,"column":5}}},"2":{"name":"(anonymous_2)","decl":{"start":{"line":29,"column":2},"end":{"line":29,"column":8}},"loc":{"start":{"line":29,"column":108},"end":{"line":43,"column":null}}},"3":{"name":"(anonymous_3)","decl":{"start":{"line":31,"column":51},"end":{"line":31,"column":52}},"loc":{"start":{"line":31,"column":137},"end":{"line":40,"column":5}}},"4":{"name":"(anonymous_4)","decl":{"start":{"line":45,"column":2},"end":{"line":45,"column":8}},"loc":{"start":{"line":45,"column":30},"end":{"line":60,"column":null}}},"5":{"name":"(anonymous_5)","decl":{"start":{"line":48,"column":55},"end":{"line":48,"column":56}},"loc":{"start":{"line":48,"column":141},"end":{"line":57,"column":5}}},"6":{"name":"(anonymous_6)","decl":{"start":{"line":62,"column":2},"end":{"line":62,"column":8}},"loc":{"start":{"line":62,"column":41},"end":{"line":96,"column":null}}},"7":{"name":"(anonymous_7)","decl":{"start":{"line":67,"column":44},"end":{"line":67,"column":45}},"loc":{"start":{"line":67,"column":89},"end":{"line":67,"column":128}}},"8":{"name":"(anonymous_8)","decl":{"start":{"line":70,"column":47},"end":{"line":70,"column":48}},"loc":{"start":{"line":70,"column":97},"end":{"line":70,"column":144}}},"9":{"name":"(anonymous_9)","decl":{"start":{"line":71,"column":41},"end":{"line":71,"column":42}},"loc":{"start":{"line":71,"column":73},"end":{"line":71,"column":86}}},"10":{"name":"(anonymous_10)","decl":{"start":{"line":73,"column":45},"end":{"line":73,"column":46}},"loc":{"start":{"line":73,"column":95},"end":{"line":73,"column":140}}},"11":{"name":"(anonymous_11)","decl":{"start":{"line":74,"column":37},"end":{"line":74,"column":38}},"loc":{"start":{"line":74,"column":67},"end":{"line":74,"column":78}}},"12":{"name":"(anonymous_12)","decl":{"start":{"line":78,"column":58},"end":{"line":78,"column":59}},"loc":{"start":{"line":78,"column":99},"end":{"line":78,"column":121}}},"13":{"name":"(anonymous_13)","decl":{"start":{"line":82,"column":40},"end":{"line":82,"column":41}},"loc":{"start":{"line":82,"column":69},"end":{"line":82,"column":79}}},"14":{"name":"(anonymous_14)","decl":{"start":{"line":90,"column":25},"end":{"line":90,"column":26}},"loc":{"start":{"line":90,"column":54},"end":{"line":90,"column":64}}},"15":{"name":"(anonymous_15)","decl":{"start":{"line":98,"column":2},"end":{"line":98,"column":8}},"loc":{"start":{"line":98,"column":42},"end":{"line":123,"column":null}}},"16":{"name":"(anonymous_16)","decl":{"start":{"line":101,"column":16},"end":{"line":101,"column":17}},"loc":{"start":{"line":101,"column":26},"end":{"line":109,"column":5}}},"17":{"name":"(anonymous_17)","decl":{"start":{"line":111,"column":34},"end":{"line":111,"column":35}},"loc":{"start":{"line":111,"column":45},"end":{"line":121,"column":5}}}},"branchMap":{"0":{"loc":{"start":{"line":8,"column":4},"end":{"line":11,"column":null}},"type":"if","locations":[{"start":{"line":8,"column":4},"end":{"line":11,"column":null}},{"start":{"line":8,"column":4},"end":{"line":11,"column":null}}]},"1":{"loc":{"start":{"line":77,"column":4},"end":{"line":79,"column":null}},"type":"if","locations":[{"start":{"line":77,"column":4},"end":{"line":79,"column":null}},{"start":{"line":77,"column":4},"end":{"line":79,"column":null}}]},"2":{"loc":{"start":{"line":102,"column":6},"end":{"line":104,"column":null}},"type":"if","locations":[{"start":{"line":102,"column":6},"end":{"line":104,"column":null}},{"start":{"line":102,"column":6},"end":{"line":104,"column":null}}]},"3":{"loc":{"start":{"line":105,"column":6},"end":{"line":107,"column":null}},"type":"if","locations":[{"start":{"line":105,"column":6},"end":{"line":107,"column":null}},{"start":{"line":105,"column":6},"end":{"line":107,"column":null}}]}},"s":{"0":2,"1":2,"2":1,"3":1,"4":1,"5":1,"6":2,"7":1,"8":2,"9":2,"10":4,"11":2,"12":1,"13":1,"14":2,"15":1,"16":1,"17":1,"18":1,"19":1,"20":2,"21":1,"22":1,"23":2,"24":1,"25":1,"26":1,"27":2,"28":1,"29":1,"30":1,"31":1,"32":1,"33":1,"34":1,"35":2,"36":2,"37":1,"38":1,"39":1,"40":3,"41":1,"42":2,"43":2,"44":0,"45":1,"46":3,"47":1,"48":1},"f":{"0":2,"1":2,"2":2,"3":4,"4":1,"5":2,"6":1,"7":2,"8":2,"9":1,"10":2,"11":1,"12":1,"13":2,"14":2,"15":1,"16":3,"17":3},"b":{"0":[1,1],"1":[1,0],"2":[1,2],"3":[2,0]}}
,"D:/UFMG/2024-01/PDS/Primeira-Fila/api/src/domains/ratings/services/RatingService.ts": {"path":"D:/UFMG/2024-01/PDS/Primeira-Fila/api/src/domains/ratings/services/RatingService.ts","statementMap":{"0":{"start":{"line":7,"column":27},"end":{"line":12,"column":null}},"1":{"start":{"line":14,"column":4},"end":{"line":27,"column":null}},"2":{"start":{"line":15,"column":6},"end":{"line":24,"column":null}},"3":{"start":{"line":26,"column":6},"end":{"line":26,"column":null}},"4":{"start":{"line":29,"column":26},"end":{"line":31,"column":null}},"5":{"start":{"line":33,"column":4},"end":{"line":33,"column":null}},"6":{"start":{"line":37,"column":19},"end":{"line":42,"column":null}},"7":{"start":{"line":44,"column":4},"end":{"line":46,"column":null}},"8":{"start":{"line":45,"column":6},"end":{"line":45,"column":null}},"9":{"start":{"line":48,"column":4},"end":{"line":48,"column":null}},"10":{"start":{"line":52,"column":22},"end":{"line":62,"column":null}},"11":{"start":{"line":64,"column":4},"end":{"line":64,"column":null}},"12":{"start":{"line":68,"column":19},"end":{"line":77,"column":null}},"13":{"start":{"line":70,"column":8},"end":{"line":70,"column":null}},"14":{"start":{"line":74,"column":8},"end":{"line":76,"column":null}},"15":{"start":{"line":75,"column":10},"end":{"line":75,"column":null}},"16":{"start":{"line":79,"column":22},"end":{"line":79,"column":null}},"17":{"start":{"line":81,"column":20},"end":{"line":88,"column":null}},"18":{"start":{"line":90,"column":4},"end":{"line":95,"column":null}},"19":{"start":{"line":91,"column":6},"end":{"line":94,"column":null}},"20":{"start":{"line":97,"column":16},"end":{"line":97,"column":null}},"21":{"start":{"line":97,"column":48},"end":{"line":97,"column":76}},"22":{"start":{"line":99,"column":10},"end":{"line":99,"column":null}},"23":{"start":{"line":101,"column":4},"end":{"line":104,"column":null}},"24":{"start":{"line":108,"column":20},"end":{"line":124,"column":null}},"25":{"start":{"line":126,"column":4},"end":{"line":126,"column":null}},"26":{"start":{"line":130,"column":25},"end":{"line":135,"column":null}},"27":{"start":{"line":137,"column":4},"end":{"line":139,"column":null}},"28":{"start":{"line":138,"column":6},"end":{"line":138,"column":null}},"29":{"start":{"line":141,"column":4},"end":{"line":141,"column":null}},"30":{"start":{"line":145,"column":20},"end":{"line":152,"column":null}},"31":{"start":{"line":154,"column":4},"end":{"line":154,"column":null}},"32":{"start":{"line":157,"column":29},"end":{"line":157,"column":null}}},"fnMap":{"0":{"name":"(anonymous_0)","decl":{"start":{"line":6,"column":2},"end":{"line":6,"column":8}},"loc":{"start":{"line":6,"column":107},"end":{"line":34,"column":null}}},"1":{"name":"(anonymous_1)","decl":{"start":{"line":36,"column":2},"end":{"line":36,"column":8}},"loc":{"start":{"line":36,"column":51},"end":{"line":49,"column":null}}},"2":{"name":"(anonymous_2)","decl":{"start":{"line":51,"column":2},"end":{"line":51,"column":8}},"loc":{"start":{"line":51,"column":45},"end":{"line":65,"column":null}}},"3":{"name":"(anonymous_3)","decl":{"start":{"line":67,"column":2},"end":{"line":67,"column":8}},"loc":{"start":{"line":67,"column":42},"end":{"line":105,"column":null}}},"4":{"name":"(anonymous_4)","decl":{"start":{"line":69,"column":6},"end":{"line":69,"column":7}},"loc":{"start":{"line":69,"column":20},"end":{"line":71,"column":null}}},"5":{"name":"(anonymous_5)","decl":{"start":{"line":73,"column":6},"end":{"line":73,"column":7}},"loc":{"start":{"line":73,"column":29},"end":{"line":77,"column":5}}},"6":{"name":"(anonymous_6)","decl":{"start":{"line":97,"column":31},"end":{"line":97,"column":32}},"loc":{"start":{"line":97,"column":48},"end":{"line":97,"column":76}}},"7":{"name":"(anonymous_7)","decl":{"start":{"line":107,"column":2},"end":{"line":107,"column":8}},"loc":{"start":{"line":107,"column":36},"end":{"line":127,"column":null}}},"8":{"name":"(anonymous_8)","decl":{"start":{"line":129,"column":2},"end":{"line":129,"column":8}},"loc":{"start":{"line":129,"column":57},"end":{"line":142,"column":null}}},"9":{"name":"(anonymous_9)","decl":{"start":{"line":144,"column":2},"end":{"line":144,"column":8}},"loc":{"start":{"line":144,"column":40},"end":{"line":155,"column":null}}}},"branchMap":{"0":{"loc":{"start":{"line":14,"column":4},"end":{"line":27,"column":null}},"type":"if","locations":[{"start":{"line":14,"column":4},"end":{"line":27,"column":null}},{"start":{"line":14,"column":4},"end":{"line":27,"column":null}}]},"1":{"loc":{"start":{"line":44,"column":4},"end":{"line":46,"column":null}},"type":"if","locations":[{"start":{"line":44,"column":4},"end":{"line":46,"column":null}},{"start":{"line":44,"column":4},"end":{"line":46,"column":null}}]},"2":{"loc":{"start":{"line":44,"column":8},"end":{"line":44,"column":51}},"type":"binary-expr","locations":[{"start":{"line":44,"column":8},"end":{"line":44,"column":27}},{"start":{"line":44,"column":27},"end":{"line":44,"column":51}}]},"3":{"loc":{"start":{"line":74,"column":8},"end":{"line":76,"column":null}},"type":"if","locations":[{"start":{"line":74,"column":8},"end":{"line":76,"column":null}},{"start":{"line":74,"column":8},"end":{"line":76,"column":null}}]},"4":{"loc":{"start":{"line":90,"column":4},"end":{"line":95,"column":null}},"type":"if","locations":[{"start":{"line":90,"column":4},"end":{"line":95,"column":null}},{"start":{"line":90,"column":4},"end":{"line":95,"column":null}}]},"5":{"loc":{"start":{"line":97,"column":55},"end":{"line":97,"column":76}},"type":"binary-expr","locations":[{"start":{"line":97,"column":55},"end":{"line":97,"column":72}},{"start":{"line":97,"column":72},"end":{"line":97,"column":76}}]},"6":{"loc":{"start":{"line":137,"column":4},"end":{"line":139,"column":null}},"type":"if","locations":[{"start":{"line":137,"column":4},"end":{"line":139,"column":null}},{"start":{"line":137,"column":4},"end":{"line":139,"column":null}}]}},"s":{"0":0,"1":0,"2":0,"3":0,"4":0,"5":0,"6":0,"7":0,"8":0,"9":0,"10":0,"11":0,"12":0,"13":0,"14":0,"15":0,"16":0,"17":0,"18":0,"19":0,"20":0,"21":0,"22":0,"23":0,"24":0,"25":0,"26":0,"27":0,"28":0,"29":0,"30":0,"31":0,"32":1},"f":{"0":0,"1":0,"2":0,"3":0,"4":0,"5":0,"6":0,"7":0,"8":0,"9":0},"b":{"0":[0,0],"1":[0,0],"2":[0,0],"3":[0,0],"4":[0,0],"5":[0,0],"6":[0,0]}}
}
